<?xml version="1.0" encoding="UTF-8"?>
<!-- Generated by org.testng.reporters.JUnitReportReporter -->
<testsuite skipped="0" hostname="HDC3-L-6K6R0X2" name="com.iNetBanking.TestCases.TC_AddCustomerTest_003" tests="1" failures="0" timestamp="21 May 2021 07:50:29 GMT" time="10.192" errors="0">
  <testcase name="addNewCustomer" time="10.192" classname="com.iNetBanking.TestCases.TC_AddCustomerTest_003"/>
</testsuite> <!-- com.iNetBanking.TestCases.TC_AddCustomerTest_003 -->
